[debug] [2021-12-21T19:22:35.983Z] ----------------------------------------------------------------------
[debug] [2021-12-21T19:22:35.985Z] Command:       /usr/local/bin/node /usr/local/bin/firebase serve
[debug] [2021-12-21T19:22:35.985Z] CLI Version:   9.21.0
[debug] [2021-12-21T19:22:35.985Z] Platform:      darwin
[debug] [2021-12-21T19:22:35.985Z] Node Version:  v14.15.1
[debug] [2021-12-21T19:22:35.987Z] Time:          Tue Dec 21 2021 14:22:35 GMT-0500 (Eastern Standard Time)
[debug] [2021-12-21T19:22:35.987Z] ----------------------------------------------------------------------
[debug] 
[debug] [2021-12-21T19:22:36.042Z] > command requires scopes: ["email","openid","https://www.googleapis.com/auth/cloudplatformprojects.readonly","https://www.googleapis.com/auth/firebase","https://www.googleapis.com/auth/cloud-platform"]
[debug] [2021-12-21T19:22:36.042Z] > authorizing via signed-in user (nonlinearexperiment@gmail.com)
[debug] [2021-12-21T19:22:36.043Z] [iam] checking project visualexp-a7d2c for permissions ["firebase.projects.get"]
[debug] [2021-12-21T19:22:36.045Z] > refreshing access token with scopes: ["email","https://www.googleapis.com/auth/cloud-platform","https://www.googleapis.com/auth/cloudplatformprojects.readonly","https://www.googleapis.com/auth/firebase","openid"]
[debug] [2021-12-21T19:22:36.045Z] >>> HTTP REQUEST POST https://www.googleapis.com/oauth2/v3/token  
 <request body omitted>
[debug] [2021-12-21T19:22:36.233Z] <<< HTTP RESPONSE 200 {"pragma":"no-cache","expires":"Mon, 01 Jan 1990 00:00:00 GMT","cache-control":"no-cache, no-store, max-age=0, must-revalidate","date":"Tue, 21 Dec 2021 19:22:36 GMT","content-type":"application/json; charset=utf-8","vary":"X-Origin, Referer, Origin,Accept-Encoding","server":"scaffolding on HTTPServer2","x-xss-protection":"0","x-frame-options":"SAMEORIGIN","x-content-type-options":"nosniff","alt-svc":"h3=\":443\"; ma=2592000,h3-29=\":443\"; ma=2592000,h3-Q050=\":443\"; ma=2592000,h3-Q046=\":443\"; ma=2592000,h3-Q043=\":443\"; ma=2592000,quic=\":443\"; ma=2592000; v=\"46,43\"","accept-ranges":"none","transfer-encoding":"chunked"}
[debug] [2021-12-21T19:22:36.305Z] >>> HTTP REQUEST POST https://cloudresourcemanager.googleapis.com/v1/projects/visualexp-a7d2c:testIamPermissions  
 {"permissions":["firebase.projects.get"]}
[debug] [2021-12-21T19:22:36.488Z] <<< HTTP RESPONSE 200 {"content-type":"application/json; charset=UTF-8","vary":"X-Origin, Referer, Origin,Accept-Encoding","date":"Tue, 21 Dec 2021 19:22:36 GMT","server":"ESF","cache-control":"private","x-xss-protection":"0","x-frame-options":"SAMEORIGIN","x-content-type-options":"nosniff","server-timing":"gfet4t7; dur=40","alt-svc":"h3=\":443\"; ma=2592000,h3-29=\":443\"; ma=2592000,h3-Q050=\":443\"; ma=2592000,h3-Q046=\":443\"; ma=2592000,h3-Q043=\":443\"; ma=2592000,quic=\":443\"; ma=2592000; v=\"46,43\"","accept-ranges":"none","transfer-encoding":"chunked"}
[debug] [2021-12-21T19:22:36.490Z] > refreshing access token with scopes: []
[debug] [2021-12-21T19:22:36.490Z] >>> HTTP REQUEST POST https://www.googleapis.com/oauth2/v3/token  
 <request body omitted>
[debug] [2021-12-21T19:22:36.640Z] <<< HTTP RESPONSE 200 {"cache-control":"no-cache, no-store, max-age=0, must-revalidate","date":"Tue, 21 Dec 2021 19:22:36 GMT","expires":"Mon, 01 Jan 1990 00:00:00 GMT","pragma":"no-cache","content-type":"application/json; charset=utf-8","vary":"X-Origin, Referer, Origin,Accept-Encoding","server":"scaffolding on HTTPServer2","x-xss-protection":"0","x-frame-options":"SAMEORIGIN","x-content-type-options":"nosniff","alt-svc":"h3=\":443\"; ma=2592000,h3-29=\":443\"; ma=2592000,h3-Q050=\":443\"; ma=2592000,h3-Q046=\":443\"; ma=2592000,h3-Q043=\":443\"; ma=2592000,quic=\":443\"; ma=2592000; v=\"46,43\"","accept-ranges":"none","transfer-encoding":"chunked"}
[debug] [2021-12-21T19:22:36.676Z] >>> [apiv2][query] GET https://firebase.googleapis.com/v1beta1/projects/visualexp-a7d2c [none]
[debug] [2021-12-21T19:22:36.958Z] <<< [apiv2][status] GET https://firebase.googleapis.com/v1beta1/projects/visualexp-a7d2c 200
[debug] [2021-12-21T19:22:36.959Z] <<< [apiv2][body] GET https://firebase.googleapis.com/v1beta1/projects/visualexp-a7d2c {"projectId":"visualexp-a7d2c","projectNumber":"141114383555","displayName":"visualExp","name":"projects/visualexp-a7d2c","resources":{"hostingSite":"visualexp-a7d2c","storageBucket":"visualexp-a7d2c.appspot.com","locationId":"us-central"},"state":"ACTIVE"}
[info] 
[info] === Serving from '/Users/oneweb/Google Drive/ReactProjects/visualexp'...
[info] 
[debug] [2021-12-21T19:22:36.963Z] >>> [apiv2][query] GET https://firebasehosting.googleapis.com/v1beta1/projects/visualexp-a7d2c/sites 
[info] ✔  functions: Using node@14 from host. {"metadata":{"emulator":{"name":"functions"},"message":"Using node@14 from host."}}
[debug] [2021-12-21T19:22:36.977Z] defaultcredentials: writing to file /Users/oneweb/.config/firebase/nonlinearexperiment_gmail_com_application_default_credentials.json
[debug] [2021-12-21T19:22:36.978Z] Setting GAC to /Users/oneweb/.config/firebase/nonlinearexperiment_gmail_com_application_default_credentials.json {"metadata":{"emulator":{"name":"functions"},"message":"Setting GAC to /Users/oneweb/.config/firebase/nonlinearexperiment_gmail_com_application_default_credentials.json"}}
[debug] [2021-12-21T19:22:36.979Z] >>> [apiv2][query] GET https://firebase.googleapis.com/v1beta1/projects/visualexp-a7d2c/adminSdkConfig [none]
[debug] [2021-12-21T19:22:37.213Z] <<< [apiv2][status] GET https://firebase.googleapis.com/v1beta1/projects/visualexp-a7d2c/adminSdkConfig 200
[debug] [2021-12-21T19:22:37.213Z] <<< [apiv2][body] GET https://firebase.googleapis.com/v1beta1/projects/visualexp-a7d2c/adminSdkConfig {"projectId":"visualexp-a7d2c","storageBucket":"visualexp-a7d2c.appspot.com","locationId":"us-central"}
[debug] [2021-12-21T19:22:37.326Z] <<< [apiv2][status] GET https://firebasehosting.googleapis.com/v1beta1/projects/visualexp-a7d2c/sites 200
[debug] [2021-12-21T19:22:37.326Z] <<< [apiv2][body] GET https://firebasehosting.googleapis.com/v1beta1/projects/visualexp-a7d2c/sites {"sites":[{"name":"projects/141114383555/sites/visualexp","defaultUrl":"https://visualexp.web.app","appId":"1:141114383555:web:0668953725936df8f11676","type":"USER_SITE"},{"name":"projects/141114383555/sites/visualexp-a7d2c","defaultUrl":"https://visualexp-a7d2c.web.app","type":"DEFAULT_SITE"},{"name":"projects/141114383555/sites/visualexp1","defaultUrl":"https://visualexp1.web.app","type":"USER_SITE"}]}
[debug] [2021-12-21T19:22:37.326Z] >>> [apiv2][query] GET https://firebase.googleapis.com/v1beta1/projects/visualexp-a7d2c/webApps/-/config [none]
[debug] [2021-12-21T19:22:37.694Z] <<< [apiv2][status] GET https://firebase.googleapis.com/v1beta1/projects/visualexp-a7d2c/webApps/-/config 200
[debug] [2021-12-21T19:22:37.694Z] <<< [apiv2][body] GET https://firebase.googleapis.com/v1beta1/projects/visualexp-a7d2c/webApps/-/config {"projectId":"visualexp-a7d2c","appId":"1:141114383555:web:0668953725936df8f11676","storageBucket":"visualexp-a7d2c.appspot.com","locationId":"us-central","apiKey":"AIzaSyBp9kzfQ-g1qdld9W68Bmrs_aS7rgSWFHs","authDomain":"visualexp-a7d2c.firebaseapp.com","messagingSenderId":"141114383555","measurementId":"G-0BH5YRED86"}
[info] i  functions: Watching "/Users/oneweb/Google Drive/ReactProjects/visualexp/functions" for Cloud Functions... {"metadata":{"emulator":{"name":"functions"},"message":"Watching \"/Users/oneweb/Google Drive/ReactProjects/visualexp/functions\" for Cloud Functions..."}}
[debug] [2021-12-21T19:22:37.957Z] [worker-pool] addWorker(~diagnostic~) {"metadata":{"emulator":{"name":"functions"},"message":"[worker-pool] addWorker(~diagnostic~)"}}
[debug] [2021-12-21T19:22:37.957Z] [worker-pool] Adding worker with key ~diagnostic~, total=1 {"metadata":{"emulator":{"name":"functions"},"message":"[worker-pool] Adding worker with key ~diagnostic~, total=1"}}
[debug] [2021-12-21T19:22:37.957Z] [worker-pool] submitWork(triggerId=) {"metadata":{"emulator":{"name":"functions"},"message":"[worker-pool] submitWork(triggerId=)"}}
[debug] [2021-12-21T19:22:37.958Z] [worker-~diagnostic~-7912aff4-15c4-4a48-90de-596c452bd414]: Assigning socketPath: /var/folders/fd/5sxfg4xd2_n64ptqp5p9f0gh0000gr/T/fire_emu_78242.sock {"metadata":{"emulator":{"name":"functions"},"message":"[worker-~diagnostic~-7912aff4-15c4-4a48-90de-596c452bd414]: Assigning socketPath: /var/folders/fd/5sxfg4xd2_n64ptqp5p9f0gh0000gr/T/fire_emu_78242.sock"}}
[debug] [2021-12-21T19:22:37.958Z] [worker-~diagnostic~-7912aff4-15c4-4a48-90de-596c452bd414]: BUSY {"metadata":{"emulator":{"name":"functions"},"message":"[worker-~diagnostic~-7912aff4-15c4-4a48-90de-596c452bd414]: BUSY"}}
[info] i  hosting[visualexp1]: Serving hosting files from: build {"metadata":{"emulator":{"name":"hosting"},"message":"Serving hosting files from: \u001b[1mbuild\u001b[22m"}}
[info] ✔  hosting[visualexp1]: Local server: http://localhost:5000 {"metadata":{"emulator":{"name":"hosting"},"message":"Local server: \u001b[4m\u001b[1mhttp://localhost:5000\u001b[22m\u001b[24m"}}
[debug] [2021-12-21T19:22:38.115Z] [runtime-status] [78242] Functions runtime initialized. {"cwd":"/Users/oneweb/Google Drive/ReactProjects/visualexp/functions","node_version":"14.15.1"} {"metadata":{"emulator":{"name":"functions"},"message":"[runtime-status] [78242] Functions runtime initialized. {\"cwd\":\"/Users/oneweb/Google Drive/ReactProjects/visualexp/functions\",\"node_version\":\"14.15.1\"}"}}
[debug] [2021-12-21T19:22:38.118Z] [runtime-status] [78242] Disabled runtime features: undefined {"metadata":{"emulator":{"name":"functions"},"message":"[runtime-status] [78242] Disabled runtime features: undefined"}}
[debug] [2021-12-21T19:22:38.121Z] [runtime-status] [78242] Resolved module firebase-admin {"declared":true,"installed":true,"version":"9.12.0","resolution":"/Users/oneweb/Google Drive/ReactProjects/visualexp/functions/node_modules/firebase-admin/lib/index.js"} {"metadata":{"emulator":{"name":"functions"},"message":"[runtime-status] [78242] Resolved module firebase-admin {\"declared\":true,\"installed\":true,\"version\":\"9.12.0\",\"resolution\":\"/Users/oneweb/Google Drive/ReactProjects/visualexp/functions/node_modules/firebase-admin/lib/index.js\"}"}}
[debug] [2021-12-21T19:22:38.124Z] [runtime-status] [78242] Resolved module firebase-functions {"declared":true,"installed":true,"version":"3.16.0","resolution":"/Users/oneweb/Google Drive/ReactProjects/visualexp/functions/node_modules/firebase-functions/lib/index.js"} {"metadata":{"emulator":{"name":"functions"},"message":"[runtime-status] [78242] Resolved module firebase-functions {\"declared\":true,\"installed\":true,\"version\":\"3.16.0\",\"resolution\":\"/Users/oneweb/Google Drive/ReactProjects/visualexp/functions/node_modules/firebase-functions/lib/index.js\"}"}}
[debug] [2021-12-21T19:22:38.126Z] [runtime-status] [78242] Outgoing network have been stubbed. [{"name":"http","status":"mocked"},{"name":"http","status":"mocked"},{"name":"https","status":"mocked"},{"name":"https","status":"mocked"},{"name":"net","status":"mocked"}] {"metadata":{"emulator":{"name":"functions"},"message":"[runtime-status] [78242] Outgoing network have been stubbed. [{\"name\":\"http\",\"status\":\"mocked\"},{\"name\":\"http\",\"status\":\"mocked\"},{\"name\":\"https\",\"status\":\"mocked\"},{\"name\":\"https\",\"status\":\"mocked\"},{\"name\":\"net\",\"status\":\"mocked\"}]"}}
[debug] [2021-12-21T19:22:38.126Z] [runtime-status] [78242] Resolved module firebase-functions {"declared":true,"installed":true,"version":"3.16.0","resolution":"/Users/oneweb/Google Drive/ReactProjects/visualexp/functions/node_modules/firebase-functions/lib/index.js"} {"metadata":{"emulator":{"name":"functions"},"message":"[runtime-status] [78242] Resolved module firebase-functions {\"declared\":true,\"installed\":true,\"version\":\"3.16.0\",\"resolution\":\"/Users/oneweb/Google Drive/ReactProjects/visualexp/functions/node_modules/firebase-functions/lib/index.js\"}"}}
[debug] [2021-12-21T19:22:38.174Z] [runtime-status] [78242] Checked functions.config() {"config":{}} {"metadata":{"emulator":{"name":"functions"},"message":"[runtime-status] [78242] Checked functions.config() {\"config\":{}}"}}
[debug] [2021-12-21T19:22:38.174Z] [runtime-status] [78242] firebase-functions has been stubbed. {"functionsResolution":{"declared":true,"installed":true,"version":"3.16.0","resolution":"/Users/oneweb/Google Drive/ReactProjects/visualexp/functions/node_modules/firebase-functions/lib/index.js"}} {"metadata":{"emulator":{"name":"functions"},"message":"[runtime-status] [78242] firebase-functions has been stubbed. {\"functionsResolution\":{\"declared\":true,\"installed\":true,\"version\":\"3.16.0\",\"resolution\":\"/Users/oneweb/Google Drive/ReactProjects/visualexp/functions/node_modules/firebase-functions/lib/index.js\"}}"}}
[debug] [2021-12-21T19:22:38.175Z] [runtime-status] [78242] Resolved module firebase-functions {"declared":true,"installed":true,"version":"3.16.0","resolution":"/Users/oneweb/Google Drive/ReactProjects/visualexp/functions/node_modules/firebase-functions/lib/index.js"} {"metadata":{"emulator":{"name":"functions"},"message":"[runtime-status] [78242] Resolved module firebase-functions {\"declared\":true,\"installed\":true,\"version\":\"3.16.0\",\"resolution\":\"/Users/oneweb/Google Drive/ReactProjects/visualexp/functions/node_modules/firebase-functions/lib/index.js\"}"}}
[debug] [2021-12-21T19:22:38.176Z] [runtime-status] [78242] Resolved module firebase-admin {"declared":true,"installed":true,"version":"9.12.0","resolution":"/Users/oneweb/Google Drive/ReactProjects/visualexp/functions/node_modules/firebase-admin/lib/index.js"} {"metadata":{"emulator":{"name":"functions"},"message":"[runtime-status] [78242] Resolved module firebase-admin {\"declared\":true,\"installed\":true,\"version\":\"9.12.0\",\"resolution\":\"/Users/oneweb/Google Drive/ReactProjects/visualexp/functions/node_modules/firebase-admin/lib/index.js\"}"}}
[debug] [2021-12-21T19:22:38.177Z] [runtime-status] [78242] Resolved module firebase-functions {"declared":true,"installed":true,"version":"3.16.0","resolution":"/Users/oneweb/Google Drive/ReactProjects/visualexp/functions/node_modules/firebase-functions/lib/index.js"} {"metadata":{"emulator":{"name":"functions"},"message":"[runtime-status] [78242] Resolved module firebase-functions {\"declared\":true,\"installed\":true,\"version\":\"3.16.0\",\"resolution\":\"/Users/oneweb/Google Drive/ReactProjects/visualexp/functions/node_modules/firebase-functions/lib/index.js\"}"}}
[debug] [2021-12-21T19:22:38.177Z] [runtime-status] [78242] firebase-admin has been stubbed. {"adminResolution":{"declared":true,"installed":true,"version":"9.12.0","resolution":"/Users/oneweb/Google Drive/ReactProjects/visualexp/functions/node_modules/firebase-admin/lib/index.js"}} {"metadata":{"emulator":{"name":"functions"},"message":"[runtime-status] [78242] firebase-admin has been stubbed. {\"adminResolution\":{\"declared\":true,\"installed\":true,\"version\":\"9.12.0\",\"resolution\":\"/Users/oneweb/Google Drive/ReactProjects/visualexp/functions/node_modules/firebase-admin/lib/index.js\"}}"}}
[debug] [2021-12-21T19:22:38.383Z] [runtime-status] [78242] initializeApp(DEFAULT) {"storageBucket":"visualexp-a7d2c.appspot.com","projectId":"visualexp-a7d2c"} {"metadata":{"emulator":{"name":"functions"},"message":"[runtime-status] [78242] initializeApp(DEFAULT) {\"storageBucket\":\"visualexp-a7d2c.appspot.com\",\"projectId\":\"visualexp-a7d2c\"}"}}
[warn] ⚠  functions: The Cloud Firestore emulator is not running, so calls to Firestore will affect production. {"metadata":{"emulator":{"name":"functions"},"message":"The Cloud Firestore emulator is not running, so calls to Firestore will affect production."}}
[info] ✔  functions[us-central1-api]: http function initialized (http://localhost:5001/visualexp-a7d2c/us-central1/api). {"metadata":{"emulator":{"name":"functions"},"message":"\u001b[1mhttp\u001b[22m function initialized (http://localhost:5001/visualexp-a7d2c/us-central1/api)."}}
[info] i  functions[us-central1-deleteUser]: function ignored because the firestore emulator does not exist or is not running. {"metadata":{"emulator":{"name":"functions"},"message":"function ignored because the firestore emulator does not exist or is not running."}}
[info] i  functions[us-central1-scheduledFunction]: function ignored because the pubsub emulator does not exist or is not running. {"metadata":{"emulator":{"name":"functions"},"message":"function ignored because the pubsub emulator does not exist or is not running."}}
[debug] [2021-12-21T19:22:39.673Z] [worker-~diagnostic~-7912aff4-15c4-4a48-90de-596c452bd414]: IDLE {"metadata":{"emulator":{"name":"functions"},"message":"[worker-~diagnostic~-7912aff4-15c4-4a48-90de-596c452bd414]: IDLE"}}
[debug] [2021-12-21T19:24:57.790Z] [work-queue] {"queueLength":1,"workRunningCount":0}
[debug] [2021-12-21T19:24:57.791Z] [work-queue] {"queueLength":0,"workRunningCount":1}
[debug] [2021-12-21T19:24:57.792Z] Accepted request GET /visualexp-a7d2c/us-central1/api/incrementMonths --> us-central1-api
[debug] [2021-12-21T19:24:57.798Z] [worker-pool] addWorker(us-central1-api) {"metadata":{"emulator":{"name":"functions"},"message":"[worker-pool] addWorker(us-central1-api)"}}
[debug] [2021-12-21T19:24:57.798Z] [worker-pool] Adding worker with key us-central1-api, total=1 {"metadata":{"emulator":{"name":"functions"},"message":"[worker-pool] Adding worker with key us-central1-api, total=1"}}
[debug] [2021-12-21T19:24:57.799Z] [worker-pool] submitWork(triggerId=us-central1-api) {"metadata":{"emulator":{"name":"functions"},"message":"[worker-pool] submitWork(triggerId=us-central1-api)"}}
[debug] [2021-12-21T19:24:57.799Z] [worker-us-central1-api-bb83652b-8a93-4f10-97d3-c072c5827be0]: Assigning socketPath: /var/folders/fd/5sxfg4xd2_n64ptqp5p9f0gh0000gr/T/fire_emu_78296.sock {"metadata":{"emulator":{"name":"functions"},"message":"[worker-us-central1-api-bb83652b-8a93-4f10-97d3-c072c5827be0]: Assigning socketPath: /var/folders/fd/5sxfg4xd2_n64ptqp5p9f0gh0000gr/T/fire_emu_78296.sock"}}
[debug] [2021-12-21T19:24:57.799Z] [worker-us-central1-api-bb83652b-8a93-4f10-97d3-c072c5827be0]: BUSY {"metadata":{"emulator":{"name":"functions"},"message":"[worker-us-central1-api-bb83652b-8a93-4f10-97d3-c072c5827be0]: BUSY"}}
[debug] [2021-12-21T19:24:58.003Z] [runtime-status] [78296] Functions runtime initialized. {"cwd":"/Users/oneweb/Google Drive/ReactProjects/visualexp/functions","node_version":"14.15.1"} {"metadata":{"emulator":{"name":"functions"},"function":{"name":"us-central1-api"},"message":"[runtime-status] [78296] Functions runtime initialized. {\"cwd\":\"/Users/oneweb/Google Drive/ReactProjects/visualexp/functions\",\"node_version\":\"14.15.1\"}"}}
[debug] [2021-12-21T19:24:58.005Z] [runtime-status] [78296] Disabled runtime features: undefined {"metadata":{"emulator":{"name":"functions"},"function":{"name":"us-central1-api"},"message":"[runtime-status] [78296] Disabled runtime features: undefined"}}
[debug] [2021-12-21T19:24:58.026Z] [runtime-status] [78296] Resolved module firebase-admin {"declared":true,"installed":true,"version":"9.12.0","resolution":"/Users/oneweb/Google Drive/ReactProjects/visualexp/functions/node_modules/firebase-admin/lib/index.js"} {"metadata":{"emulator":{"name":"functions"},"function":{"name":"us-central1-api"},"message":"[runtime-status] [78296] Resolved module firebase-admin {\"declared\":true,\"installed\":true,\"version\":\"9.12.0\",\"resolution\":\"/Users/oneweb/Google Drive/ReactProjects/visualexp/functions/node_modules/firebase-admin/lib/index.js\"}"}}
[debug] [2021-12-21T19:24:58.029Z] [runtime-status] [78296] Resolved module firebase-functions {"declared":true,"installed":true,"version":"3.16.0","resolution":"/Users/oneweb/Google Drive/ReactProjects/visualexp/functions/node_modules/firebase-functions/lib/index.js"} {"metadata":{"emulator":{"name":"functions"},"function":{"name":"us-central1-api"},"message":"[runtime-status] [78296] Resolved module firebase-functions {\"declared\":true,\"installed\":true,\"version\":\"3.16.0\",\"resolution\":\"/Users/oneweb/Google Drive/ReactProjects/visualexp/functions/node_modules/firebase-functions/lib/index.js\"}"}}
[debug] [2021-12-21T19:24:58.030Z] [runtime-status] [78296] Outgoing network have been stubbed. [{"name":"http","status":"mocked"},{"name":"http","status":"mocked"},{"name":"https","status":"mocked"},{"name":"https","status":"mocked"},{"name":"net","status":"mocked"}] {"metadata":{"emulator":{"name":"functions"},"function":{"name":"us-central1-api"},"message":"[runtime-status] [78296] Outgoing network have been stubbed. [{\"name\":\"http\",\"status\":\"mocked\"},{\"name\":\"http\",\"status\":\"mocked\"},{\"name\":\"https\",\"status\":\"mocked\"},{\"name\":\"https\",\"status\":\"mocked\"},{\"name\":\"net\",\"status\":\"mocked\"}]"}}
[debug] [2021-12-21T19:24:58.031Z] [runtime-status] [78296] Resolved module firebase-functions {"declared":true,"installed":true,"version":"3.16.0","resolution":"/Users/oneweb/Google Drive/ReactProjects/visualexp/functions/node_modules/firebase-functions/lib/index.js"} {"metadata":{"emulator":{"name":"functions"},"function":{"name":"us-central1-api"},"message":"[runtime-status] [78296] Resolved module firebase-functions {\"declared\":true,\"installed\":true,\"version\":\"3.16.0\",\"resolution\":\"/Users/oneweb/Google Drive/ReactProjects/visualexp/functions/node_modules/firebase-functions/lib/index.js\"}"}}
[debug] [2021-12-21T19:24:58.089Z] [runtime-status] [78296] Checked functions.config() {"config":{}} {"metadata":{"emulator":{"name":"functions"},"function":{"name":"us-central1-api"},"message":"[runtime-status] [78296] Checked functions.config() {\"config\":{}}"}}
[debug] [2021-12-21T19:24:58.090Z] [runtime-status] [78296] firebase-functions has been stubbed. {"functionsResolution":{"declared":true,"installed":true,"version":"3.16.0","resolution":"/Users/oneweb/Google Drive/ReactProjects/visualexp/functions/node_modules/firebase-functions/lib/index.js"}} {"metadata":{"emulator":{"name":"functions"},"function":{"name":"us-central1-api"},"message":"[runtime-status] [78296] firebase-functions has been stubbed. {\"functionsResolution\":{\"declared\":true,\"installed\":true,\"version\":\"3.16.0\",\"resolution\":\"/Users/oneweb/Google Drive/ReactProjects/visualexp/functions/node_modules/firebase-functions/lib/index.js\"}}"}}
[debug] [2021-12-21T19:24:58.090Z] [runtime-status] [78296] Resolved module firebase-functions {"declared":true,"installed":true,"version":"3.16.0","resolution":"/Users/oneweb/Google Drive/ReactProjects/visualexp/functions/node_modules/firebase-functions/lib/index.js"} {"metadata":{"emulator":{"name":"functions"},"function":{"name":"us-central1-api"},"message":"[runtime-status] [78296] Resolved module firebase-functions {\"declared\":true,\"installed\":true,\"version\":\"3.16.0\",\"resolution\":\"/Users/oneweb/Google Drive/ReactProjects/visualexp/functions/node_modules/firebase-functions/lib/index.js\"}"}}
[debug] [2021-12-21T19:24:58.092Z] [runtime-status] [78296] Resolved module firebase-admin {"declared":true,"installed":true,"version":"9.12.0","resolution":"/Users/oneweb/Google Drive/ReactProjects/visualexp/functions/node_modules/firebase-admin/lib/index.js"} {"metadata":{"emulator":{"name":"functions"},"function":{"name":"us-central1-api"},"message":"[runtime-status] [78296] Resolved module firebase-admin {\"declared\":true,\"installed\":true,\"version\":\"9.12.0\",\"resolution\":\"/Users/oneweb/Google Drive/ReactProjects/visualexp/functions/node_modules/firebase-admin/lib/index.js\"}"}}
[debug] [2021-12-21T19:24:58.093Z] [runtime-status] [78296] Resolved module firebase-functions {"declared":true,"installed":true,"version":"3.16.0","resolution":"/Users/oneweb/Google Drive/ReactProjects/visualexp/functions/node_modules/firebase-functions/lib/index.js"} {"metadata":{"emulator":{"name":"functions"},"function":{"name":"us-central1-api"},"message":"[runtime-status] [78296] Resolved module firebase-functions {\"declared\":true,\"installed\":true,\"version\":\"3.16.0\",\"resolution\":\"/Users/oneweb/Google Drive/ReactProjects/visualexp/functions/node_modules/firebase-functions/lib/index.js\"}"}}
[debug] [2021-12-21T19:24:58.093Z] [runtime-status] [78296] firebase-admin has been stubbed. {"adminResolution":{"declared":true,"installed":true,"version":"9.12.0","resolution":"/Users/oneweb/Google Drive/ReactProjects/visualexp/functions/node_modules/firebase-admin/lib/index.js"}} {"metadata":{"emulator":{"name":"functions"},"function":{"name":"us-central1-api"},"message":"[runtime-status] [78296] firebase-admin has been stubbed. {\"adminResolution\":{\"declared\":true,\"installed\":true,\"version\":\"9.12.0\",\"resolution\":\"/Users/oneweb/Google Drive/ReactProjects/visualexp/functions/node_modules/firebase-admin/lib/index.js\"}}"}}
[debug] [2021-12-21T19:24:58.359Z] [runtime-status] [78296] initializeApp(DEFAULT) {"storageBucket":"visualexp-a7d2c.appspot.com","projectId":"visualexp-a7d2c"} {"metadata":{"emulator":{"name":"functions"},"function":{"name":"us-central1-api"},"message":"[runtime-status] [78296] initializeApp(DEFAULT) {\"storageBucket\":\"visualexp-a7d2c.appspot.com\",\"projectId\":\"visualexp-a7d2c\"}"}}
[debug] [2021-12-21T19:24:59.959Z] [runtime-status] [78296] Trigger "us-central1-api" has been found, beginning invocation! {"metadata":{"emulator":{"name":"functions"},"function":{"name":"us-central1-api"},"message":"[runtime-status] [78296] Trigger \"us-central1-api\" has been found, beginning invocation!"}}
[info] i  functions: Beginning execution of "us-central1-api" {"metadata":{"emulator":{"name":"functions"},"function":{"name":"us-central1-api"},"message":"Beginning execution of \"us-central1-api\""}}
[debug] [2021-12-21T19:24:59.960Z] [runtime-status] [78296] triggerDefinition {"timeout":"520s","availableMemoryMb":1024,"httpsTrigger":{},"name":"api","entryPoint":"api","regions":["us-central1"],"region":"us-central1","id":"us-central1-api"} {"metadata":{"emulator":{"name":"functions"},"function":{"name":"us-central1-api"},"message":"[runtime-status] [78296] triggerDefinition {\"timeout\":\"520s\",\"availableMemoryMb\":1024,\"httpsTrigger\":{},\"name\":\"api\",\"entryPoint\":\"api\",\"regions\":[\"us-central1\"],\"region\":\"us-central1\",\"id\":\"us-central1-api\"}"}}
[debug] [2021-12-21T19:24:59.960Z] [runtime-status] [78296] Running us-central1-api in signature http {"metadata":{"emulator":{"name":"functions"},"function":{"name":"us-central1-api"},"message":"[runtime-status] [78296] Running us-central1-api in signature http"}}
[debug] [2021-12-21T19:24:59.964Z] [runtime-status] [78296] Attempting to listen to socketPath: /var/folders/fd/5sxfg4xd2_n64ptqp5p9f0gh0000gr/T/fire_emu_78296.sock {"metadata":{"emulator":{"name":"functions"},"function":{"name":"us-central1-api"},"message":"[runtime-status] [78296] Attempting to listen to socketPath: /var/folders/fd/5sxfg4xd2_n64ptqp5p9f0gh0000gr/T/fire_emu_78296.sock"}}
[debug] [2021-12-21T19:24:59.971Z] [functions] Runtime ready! Sending request! {"metadata":{"emulator":{"name":"functions"},"message":"[functions] Runtime ready! Sending request!"}}
[debug] [2021-12-21T19:24:59.972Z] [functions] Got req.url=/visualexp-a7d2c/us-central1/api/incrementMonths, mapping to path=/incrementMonths {"metadata":{"emulator":{"name":"functions"},"message":"[functions] Got req.url=/visualexp-a7d2c/us-central1/api/incrementMonths, mapping to path=/incrementMonths"}}
[debug] [2021-12-21T19:24:59.980Z] [runtime-status] [78296] Ephemeral server handling GET request {"metadata":{"emulator":{"name":"functions"},"function":{"name":"us-central1-api"},"message":"[runtime-status] [78296] Ephemeral server handling GET request"}}
[debug] [2021-12-21T19:24:59.991Z] [runtime-status] [78296] Ephemeral server survived. {"metadata":{"emulator":{"name":"functions"},"function":{"name":"us-central1-api"},"message":"[runtime-status] [78296] Ephemeral server survived."}}
[warn] ⚠  Google API requested!
   - URL: "https://oauth2.googleapis.com/token"
   - Be careful, this may be a production service. {"metadata":{"emulator":{"name":"functions"},"function":{"name":"us-central1-api"},"message":"Google API requested!\n   - URL: \"https://oauth2.googleapis.com/token\"\n   - Be careful, this may be a production service."}}
[info] i  functions: Finished "us-central1-api" in ~13s {"metadata":{"emulator":{"name":"functions"},"function":{"name":"us-central1-api"},"message":"Finished \"us-central1-api\" in ~13s"}}
[debug] [2021-12-21T19:25:13.739Z] [worker-us-central1-api-bb83652b-8a93-4f10-97d3-c072c5827be0]: IDLE {"metadata":{"emulator":{"name":"functions"},"message":"[worker-us-central1-api-bb83652b-8a93-4f10-97d3-c072c5827be0]: IDLE"}}
[debug] [2021-12-21T19:25:13.740Z] [work-queue] {"queueLength":0,"workRunningCount":0}
[debug] [2021-12-21T22:49:27.410Z] [work-queue] {"queueLength":1,"workRunningCount":0}
[debug] [2021-12-21T22:49:27.415Z] [work-queue] {"queueLength":0,"workRunningCount":1}
[debug] [2021-12-21T22:49:27.417Z] Accepted request GET /visualexp-a7d2c/us-central1/api/babel/parser/lib/index.js --> us-central1-api
[debug] [2021-12-21T22:49:27.443Z] [worker-pool] submitWork(triggerId=us-central1-api) {"metadata":{"emulator":{"name":"functions"},"message":"[worker-pool] submitWork(triggerId=us-central1-api)"}}
[debug] [2021-12-21T22:49:27.445Z] [worker-us-central1-api-bb83652b-8a93-4f10-97d3-c072c5827be0]: Assigning socketPath: /var/folders/fd/5sxfg4xd2_n64ptqp5p9f0gh0000gr/T/fire_emu_78296.sock {"metadata":{"emulator":{"name":"functions"},"message":"[worker-us-central1-api-bb83652b-8a93-4f10-97d3-c072c5827be0]: Assigning socketPath: /var/folders/fd/5sxfg4xd2_n64ptqp5p9f0gh0000gr/T/fire_emu_78296.sock"}}
[debug] [2021-12-21T22:49:27.445Z] [worker-us-central1-api-bb83652b-8a93-4f10-97d3-c072c5827be0]: BUSY {"metadata":{"emulator":{"name":"functions"},"message":"[worker-us-central1-api-bb83652b-8a93-4f10-97d3-c072c5827be0]: BUSY"}}
[debug] [2021-12-21T22:49:27.544Z] [runtime-status] [78296] Trigger "us-central1-api" has been found, beginning invocation! {"metadata":{"emulator":{"name":"functions"},"function":{"name":"us-central1-api"},"message":"[runtime-status] [78296] Trigger \"us-central1-api\" has been found, beginning invocation!"}}
[info] i  functions: Beginning execution of "us-central1-api" {"metadata":{"emulator":{"name":"functions"},"function":{"name":"us-central1-api"},"message":"Beginning execution of \"us-central1-api\""}}
[debug] [2021-12-21T22:49:27.548Z] [runtime-status] [78296] triggerDefinition {"timeout":"520s","availableMemoryMb":1024,"httpsTrigger":{},"name":"api","entryPoint":"api","regions":["us-central1"],"region":"us-central1","id":"us-central1-api"} {"metadata":{"emulator":{"name":"functions"},"function":{"name":"us-central1-api"},"message":"[runtime-status] [78296] triggerDefinition {\"timeout\":\"520s\",\"availableMemoryMb\":1024,\"httpsTrigger\":{},\"name\":\"api\",\"entryPoint\":\"api\",\"regions\":[\"us-central1\"],\"region\":\"us-central1\",\"id\":\"us-central1-api\"}"}}
[debug] [2021-12-21T22:49:27.548Z] [runtime-status] [78296] Running us-central1-api in signature http {"metadata":{"emulator":{"name":"functions"},"function":{"name":"us-central1-api"},"message":"[runtime-status] [78296] Running us-central1-api in signature http"}}
[debug] [2021-12-21T22:49:27.560Z] [runtime-status] [78296] Attempting to listen to socketPath: /var/folders/fd/5sxfg4xd2_n64ptqp5p9f0gh0000gr/T/fire_emu_78296.sock {"metadata":{"emulator":{"name":"functions"},"function":{"name":"us-central1-api"},"message":"[runtime-status] [78296] Attempting to listen to socketPath: /var/folders/fd/5sxfg4xd2_n64ptqp5p9f0gh0000gr/T/fire_emu_78296.sock"}}
[debug] [2021-12-21T22:49:27.804Z] [functions] Runtime ready! Sending request! {"metadata":{"emulator":{"name":"functions"},"message":"[functions] Runtime ready! Sending request!"}}
[debug] [2021-12-21T22:49:27.809Z] [functions] Got req.url=/visualexp-a7d2c/us-central1/api/babel/parser/lib/index.js, mapping to path=/babel/parser/lib/index.js {"metadata":{"emulator":{"name":"functions"},"message":"[functions] Got req.url=/visualexp-a7d2c/us-central1/api/babel/parser/lib/index.js, mapping to path=/babel/parser/lib/index.js"}}
[debug] [2021-12-21T22:49:27.837Z] [runtime-status] [78296] Ephemeral server handling GET request {"metadata":{"emulator":{"name":"functions"},"function":{"name":"us-central1-api"},"message":"[runtime-status] [78296] Ephemeral server handling GET request"}}
[debug] [2021-12-21T22:49:27.862Z] [runtime-status] [78296] Ephemeral server survived. {"metadata":{"emulator":{"name":"functions"},"function":{"name":"us-central1-api"},"message":"[runtime-status] [78296] Ephemeral server survived."}}
[info] i  functions: Finished "us-central1-api" in ~1s {"metadata":{"emulator":{"name":"functions"},"function":{"name":"us-central1-api"},"message":"Finished \"us-central1-api\" in ~1s"}}
[debug] [2021-12-21T22:49:27.892Z] [worker-us-central1-api-bb83652b-8a93-4f10-97d3-c072c5827be0]: IDLE {"metadata":{"emulator":{"name":"functions"},"message":"[worker-us-central1-api-bb83652b-8a93-4f10-97d3-c072c5827be0]: IDLE"}}
[debug] [2021-12-21T22:49:27.893Z] [work-queue] {"queueLength":0,"workRunningCount":0}
